SCREENSHOT CMD import -colorspace gray -screen -w root -quality 20 -crop 10x100%+400+0
CROPPING: True
FADE TIME: 800
SLEEP TIME: 1200
DISPLAY RANGE: 5 20
BRIGHTNESS RANGE: 5000 50000
CALIBRATION LOG: True
RECALIBRATE EVERY: 60000
FOLLOW WINDOW PID: False
FOLLOW WINDOW TITLE: True
LOADED LUMA MAP FROM DISK, 3% COMPLETE
MODEL|TS:1470373947, LUMA:00500, NEW GAMMA:0.99, NEW BRIGHTNESS: 29/20
INPUT|TS:1470373957, LUMA:00500, CUR:19.00, EXP:29.0
LEARN|TS:1470373957, LUMA:00500, HOUR: 22:20, PREV:29, NEW:27
INPUT|TS:1470373966, LUMA:00500, CUR:19.00, EXP:29.0
LEARN|TS:1470373966, LUMA:00500, HOUR: 22:20, PREV:27, NEW:25
MODEL|TS:1470373969, LUMA:45000, NEW GAMMA:0.00, NEW BRIGHTNESS: 5/20
MODEL|TS:1470373971, LUMA:05000, NEW GAMMA:0.89, NEW BRIGHTNESS: 30/20
MODEL|TS:1470373973, LUMA:45000, NEW GAMMA:0.00, NEW BRIGHTNESS: 5/20
MODEL|TS:1470373992, LUMA:00500, NEW GAMMA:0.99, NEW BRIGHTNESS: 25/20
MODEL|TS:1470373998, LUMA:45000, NEW GAMMA:0.00, NEW BRIGHTNESS: 5/20
MODEL|TS:1470374002, LUMA:09500, NEW GAMMA:0.79, NEW BRIGHTNESS: 17/20
MODEL|TS:1470374004, LUMA:45000, NEW GAMMA:0.00, NEW BRIGHTNESS: 5/20
MODEL|TS:1470374008, LUMA:34500, NEW GAMMA:0.23, NEW BRIGHTNESS: 9/20
MODEL|TS:1470374010, LUMA:45000, NEW GAMMA:0.00, NEW BRIGHTNESS: 5/20
MODEL|TS:1470374012, LUMA:05000, NEW GAMMA:0.89, NEW BRIGHTNESS: 30/20
MODEL|TS:1470374020, LUMA:45000, NEW GAMMA:0.00, NEW BRIGHTNESS: 5/20
MODEL|TS:1470374022, LUMA:03500, NEW GAMMA:0.92, NEW BRIGHTNESS: 22/20
MODEL|TS:1470374029, LUMA:45000, NEW GAMMA:0.00, NEW BRIGHTNESS: 5/20
MODEL|TS:1470374032, LUMA:05000, NEW GAMMA:0.89, NEW BRIGHTNESS: 30/20
INPUT|TS:1470374034, LUMA:05000, CUR:20.06, EXP:30.0
LEARN|TS:1470374034, LUMA:05000, HOUR: 22:20, PREV:30, NEW:28
MODEL|TS:1470374035, LUMA:45000, NEW GAMMA:0.00, NEW BRIGHTNESS: 5/20
MODEL|TS:1470374037, LUMA:03500, NEW GAMMA:0.92, NEW BRIGHTNESS: 22/20
INPUT|TS:1470392398, LUMA:03500, CUR:7.47, EXP:22.0
LEARN|TS:1470392398, LUMA:03500, HOUR: 3:0, PREV:None, NEW:7
INPUT|TS:1470392407, LUMA:03500, CUR:7.47, EXP:22.0
LEARN|TS:1470392407, LUMA:03500, HOUR: 3:0, PREV:7, NEW:7
INPUT|TS:1470392425, LUMA:03500, CUR:7.47, EXP:22.0
LEARN|TS:1470392425, LUMA:03500, HOUR: 3:0, PREV:7, NEW:7
MODEL|TS:1470392431, LUMA:45000, NEW GAMMA:0.00, NEW BRIGHTNESS: 5/20
INPUT|TS:1470392435, LUMA:45000, CUR:9.93, EXP:5.0
LEARN|TS:1470392435, LUMA:45000, HOUR: 3:0, PREV:None, NEW:10
MODEL|TS:1470392437, LUMA:04500, NEW GAMMA:0.90, NEW BRIGHTNESS: 7/20
MODEL|TS:1470392447, LUMA:45000, NEW GAMMA:0.00, NEW BRIGHTNESS: 10/20
INPUT|TS:1470392451, LUMA:45000, CUR:0.00, EXP:10.0
LEARN|TS:1470392451, LUMA:45000, HOUR: 3:0, PREV:10, NEW:3
MODEL|TS:1470392465, LUMA:45000, NEW GAMMA:0.00, NEW BRIGHTNESS: 3/20
INPUT|TS:1470392470, LUMA:45000, CUR:1.39, EXP:3.0
LEARN|TS:1470392470, LUMA:45000, HOUR: 3:0, PREV:3, NEW:2
INPUT|TS:1470392479, LUMA:45000, CUR:0.96, EXP:3.0
LEARN|TS:1470392479, LUMA:45000, HOUR: 3:0, PREV:2, NEW:1
MODEL|TS:1470392492, LUMA:45000, NEW GAMMA:0.00, NEW BRIGHTNESS: 1/20
MODEL|TS:1470392528, LUMA:04500, NEW GAMMA:0.90, NEW BRIGHTNESS: 7/20
MODEL|TS:1470392586, LUMA:45000, NEW GAMMA:0.00, NEW BRIGHTNESS: 1/20
MODEL|TS:1470392595, LUMA:05000, NEW GAMMA:0.89, NEW BRIGHTNESS: 7/20
MODEL|TS:1470392599, LUMA:45000, NEW GAMMA:0.00, NEW BRIGHTNESS: 1/20
MODEL|TS:1470392611, LUMA:00500, NEW GAMMA:0.99, NEW BRIGHTNESS: 7/20
MODEL|TS:1470392655, LUMA:45000, NEW GAMMA:0.00, NEW BRIGHTNESS: 1/20
MODEL|TS:1470392667, LUMA:43000, NEW GAMMA:0.04, NEW BRIGHTNESS: 6/20
MODEL|TS:1470392669, LUMA:45000, NEW GAMMA:0.00, NEW BRIGHTNESS: 1/20
MODEL|TS:1470392672, LUMA:00500, NEW GAMMA:0.99, NEW BRIGHTNESS: 7/20
MODEL|TS:1470392678, LUMA:45000, NEW GAMMA:0.00, NEW BRIGHTNESS: 1/20
MODEL|TS:1470392680, LUMA:10000, NEW GAMMA:0.78, NEW BRIGHTNESS: 17/20
MODEL|TS:1470392683, LUMA:45000, NEW GAMMA:0.00, NEW BRIGHTNESS: 1/20
MODEL|TS:1470392685, LUMA:00500, NEW GAMMA:0.99, NEW BRIGHTNESS: 7/20
MODEL|TS:1470392689, LUMA:45000, NEW GAMMA:0.00, NEW BRIGHTNESS: 1/20
MODEL|TS:1470392695, LUMA:26000, NEW GAMMA:0.42, NEW BRIGHTNESS: 11/20
INPUT|TS:1470392732, LUMA:26000, CUR:1.07, EXP:11.0
LEARN|TS:1470392732, LUMA:26000, HOUR: 3:0, PREV:None, NEW:1
INPUT|TS:1470392741, LUMA:26000, CUR:1.07, EXP:11.0
LEARN|TS:1470392741, LUMA:26000, HOUR: 3:0, PREV:1, NEW:1
INPUT|TS:1470392758, LUMA:26000, CUR:1.07, EXP:11.0
LEARN|TS:1470392758, LUMA:26000, HOUR: 3:0, PREV:1, NEW:1
INPUT|TS:1470392791, LUMA:26000, CUR:1.07, EXP:11.0
LEARN|TS:1470392791, LUMA:26000, HOUR: 3:0, PREV:1, NEW:1
MODEL|TS:1470392795, LUMA:45000, NEW GAMMA:0.00, NEW BRIGHTNESS: 1/20
MODEL|TS:1470392798, LUMA:43000, NEW GAMMA:0.04, NEW BRIGHTNESS: 6/20
MODEL|TS:1470392811, LUMA:45000, NEW GAMMA:0.00, NEW BRIGHTNESS: 1/20
MODEL|TS:1470393363, LUMA:00500, NEW GAMMA:0.99, NEW BRIGHTNESS: 7/20
MODEL|TS:1470393367, LUMA:45000, NEW GAMMA:0.00, NEW BRIGHTNESS: 1/20
MODEL|TS:1470393628, LUMA:45000, NEW GAMMA:0.00, NEW BRIGHTNESS: 5/20
INPUT|TS:1470393692, LUMA:45000, CUR:0.00, EXP:5.0
LEARN|TS:1470393692, LUMA:45000, HOUR: 3:0, PREV:None, NEW:0
MODEL|TS:1470393694, LUMA:45000, NEW GAMMA:0.00, NEW BRIGHTNESS: 0/20
INPUT|TS:1470393697, LUMA:45000, CUR:9.93, EXP:0.0
LEARN|TS:1470393697, LUMA:45000, HOUR: 3:0, PREV:0, NEW:6
INPUT|TS:1470393706, LUMA:45000, CUR:9.93, EXP:0.0
LEARN|TS:1470393706, LUMA:45000, HOUR: 3:0, PREV:6, NEW:8
MODEL|TS:1470393707, LUMA:45000, NEW GAMMA:0.00, NEW BRIGHTNESS: 8/20
MODEL|TS:1470393713, LUMA:13500, NEW GAMMA:0.70, NEW BRIGHTNESS: 16/20
MODEL|TS:1470393787, LUMA:28000, NEW GAMMA:0.38, NEW BRIGHTNESS: 11/20
MODEL|TS:1470393822, LUMA:09000, NEW GAMMA:0.80, NEW BRIGHTNESS: 17/20
MODEL|TS:1470393825, LUMA:45000, NEW GAMMA:0.00, NEW BRIGHTNESS: 8/20
MODEL|TS:1470393899, LUMA:00500, NEW GAMMA:0.99, NEW BRIGHTNESS: 20/20
MODEL|TS:1470393901, LUMA:45000, NEW GAMMA:0.00, NEW BRIGHTNESS: 8/20
MODEL|TS:1470393934, LUMA:05000, NEW GAMMA:0.89, NEW BRIGHTNESS: 18/20
MODEL|TS:1470393936, LUMA:45000, NEW GAMMA:0.00, NEW BRIGHTNESS: 8/20
INPUT|TS:1470393983, LUMA:45000, CUR:0.96, EXP:8.0
LEARN|TS:1470393983, LUMA:45000, HOUR: 3:0, PREV:8, NEW:5
MODEL|TS:1470393993, LUMA:45000, NEW GAMMA:0.00, NEW BRIGHTNESS: 5/20
INPUT|TS:1470394001, LUMA:45000, CUR:0.96, EXP:5.0
LEARN|TS:1470394001, LUMA:45000, HOUR: 3:0, PREV:5, NEW:3
INPUT|TS:1470394010, LUMA:45000, CUR:0.96, EXP:5.0
LEARN|TS:1470394010, LUMA:45000, HOUR: 3:0, PREV:3, NEW:3
INPUT|TS:1470394027, LUMA:45000, CUR:0.96, EXP:5.0
LEARN|TS:1470394027, LUMA:45000, HOUR: 3:0, PREV:3, NEW:2
INPUT|TS:1470394060, LUMA:45000, CUR:0.96, EXP:5.0
LEARN|TS:1470394060, LUMA:45000, HOUR: 3:0, PREV:2, NEW:2
INPUT|TS:1470394125, LUMA:45000, CUR:0.96, EXP:5.0
LEARN|TS:1470394125, LUMA:45000, HOUR: 3:0, PREV:2, NEW:1
INPUT|TS:1470394255, LUMA:45000, CUR:0.96, EXP:5.0
LEARN|TS:1470394255, LUMA:45000, HOUR: 3:0, PREV:1, NEW:1
MODEL|TS:1470394317, LUMA:45000, NEW GAMMA:0.00, NEW BRIGHTNESS: 1/20
MODEL|TS:1470394337, LUMA:20000, NEW GAMMA:0.56, NEW BRIGHTNESS: 13/20
MODEL|TS:1470394355, LUMA:00500, NEW GAMMA:0.99, NEW BRIGHTNESS: 20/20
MODEL|TS:1470394358, LUMA:45000, NEW GAMMA:0.00, NEW BRIGHTNESS: 1/20
MODEL|TS:1470394372, LUMA:00500, NEW GAMMA:0.99, NEW BRIGHTNESS: 20/20
MODEL|TS:1470394377, LUMA:45000, NEW GAMMA:0.00, NEW BRIGHTNESS: 1/20
MODEL|TS:1470394391, LUMA:05500, NEW GAMMA:0.88, NEW BRIGHTNESS: 18/20
MODEL|TS:1470394398, LUMA:45000, NEW GAMMA:0.00, NEW BRIGHTNESS: 1/20
MODEL|TS:1470394400, LUMA:21000, NEW GAMMA:0.53, NEW BRIGHTNESS: 13/20
MODEL|TS:1470394402, LUMA:45000, NEW GAMMA:0.00, NEW BRIGHTNESS: 1/20
MODEL|TS:1470394790, LUMA:04500, NEW GAMMA:0.90, NEW BRIGHTNESS: 19/20
MODEL|TS:1470394795, LUMA:45000, NEW GAMMA:0.00, NEW BRIGHTNESS: 1/20
MODEL|TS:1470395104, LUMA:01500, NEW GAMMA:0.97, NEW BRIGHTNESS: 20/20
MODEL|TS:1470395115, LUMA:09500, NEW GAMMA:0.79, NEW BRIGHTNESS: 17/20
MODEL|TS:1470395129, LUMA:45000, NEW GAMMA:0.00, NEW BRIGHTNESS: 1/20
MODEL|TS:1470395431, LUMA:45000, NEW GAMMA:0.00, NEW BRIGHTNESS: 5/20
MODEL|TS:1470395744, LUMA:04500, NEW GAMMA:0.90, NEW BRIGHTNESS: 19/20
MODEL|TS:1470395762, LUMA:10000, NEW GAMMA:0.78, NEW BRIGHTNESS: 17/20
MODEL|TS:1470395765, LUMA:17500, NEW GAMMA:0.61, NEW BRIGHTNESS: 14/20
MODEL|TS:1470395767, LUMA:45000, NEW GAMMA:0.00, NEW BRIGHTNESS: 5/20
MODEL|TS:1470395811, LUMA:00500, NEW GAMMA:0.99, NEW BRIGHTNESS: 20/20
MODEL|TS:1470395814, LUMA:45000, NEW GAMMA:0.00, NEW BRIGHTNESS: 5/20
MODEL|TS:1470395822, LUMA:02500, NEW GAMMA:0.94, NEW BRIGHTNESS: 19/20
MODEL|TS:1470395830, LUMA:10000, NEW GAMMA:0.78, NEW BRIGHTNESS: 17/20
MODEL|TS:1470395832, LUMA:45000, NEW GAMMA:0.00, NEW BRIGHTNESS: 5/20
MODEL|TS:1470395839, LUMA:00500, NEW GAMMA:0.99, NEW BRIGHTNESS: 20/20
MODEL|TS:1470405959, LUMA:45000, NEW GAMMA:0.00, NEW BRIGHTNESS: 5/20
MODEL|TS:1470405971, LUMA:01500, NEW GAMMA:0.97, NEW BRIGHTNESS: 20/20
MODEL|TS:1470406050, LUMA:45000, NEW GAMMA:0.00, NEW BRIGHTNESS: 5/20
MODEL|TS:1470406052, LUMA:05000, NEW GAMMA:0.89, NEW BRIGHTNESS: 18/20
MODEL|TS:1470406063, LUMA:45000, NEW GAMMA:0.00, NEW BRIGHTNESS: 5/20
MODEL|TS:1470406068, LUMA:10000, NEW GAMMA:0.78, NEW BRIGHTNESS: 17/20
MODEL|TS:1470406070, LUMA:45000, NEW GAMMA:0.00, NEW BRIGHTNESS: 5/20
MODEL|TS:1470406076, LUMA:02500, NEW GAMMA:0.94, NEW BRIGHTNESS: 19/20
MODEL|TS:1470406149, LUMA:45000, NEW GAMMA:0.00, NEW BRIGHTNESS: 5/20
MODEL|TS:1470406184, LUMA:00500, NEW GAMMA:0.99, NEW BRIGHTNESS: 20/20
MODEL|TS:1470406186, LUMA:45000, NEW GAMMA:0.00, NEW BRIGHTNESS: 5/20
MODEL|TS:1470406188, LUMA:00500, NEW GAMMA:0.99, NEW BRIGHTNESS: 20/20

SCREENSHOT CMD import -colorspace gray -screen -w root -quality 20 -crop 10x100%+400+0
CROPPING: True
FADE TIME: 800
SLEEP TIME: 1200
DISPLAY RANGE: 5 20
BRIGHTNESS RANGE: 5000 50000
CALIBRATION LOG: True
RECALIBRATE EVERY: 60000
FOLLOW WINDOW PID: False
FOLLOW WINDOW TITLE: True
LOADED LUMA MAP FROM DISK, 8% COMPLETE
MODEL|TS:1470406393, LUMA:03500, NEW GAMMA:0.92, NEW BRIGHTNESS: 19/20
MODEL|TS:1470406415, LUMA:45000, NEW GAMMA:0.00, NEW BRIGHTNESS: 5/20
MODEL|TS:1470406417, LUMA:04000, NEW GAMMA:0.91, NEW BRIGHTNESS: 19/20
MODEL|TS:1470406437, LUMA:45000, NEW GAMMA:0.00, NEW BRIGHTNESS: 5/20
INPUT|TS:1470406446, LUMA:45000, CUR:0.96, EXP:5.0
LEARN|TS:1470406446, LUMA:45000, HOUR: 7:0, PREV:None, NEW:1
MODEL|TS:1470406449, LUMA:00500, NEW GAMMA:0.99, NEW BRIGHTNESS: 20/20
MODEL|TS:1470406482, LUMA:45000, NEW GAMMA:0.00, NEW BRIGHTNESS: 1/20
MODEL|TS:1470406484, LUMA:04500, NEW GAMMA:0.90, NEW BRIGHTNESS: 19/20
MODEL|TS:1470406508, LUMA:17000, NEW GAMMA:0.62, NEW BRIGHTNESS: 14/20
MODEL|TS:1470406510, LUMA:45000, NEW GAMMA:0.00, NEW BRIGHTNESS: 1/20
MODEL|TS:1470406516, LUMA:17500, NEW GAMMA:0.61, NEW BRIGHTNESS: 14/20
MODEL|TS:1470406518, LUMA:42500, NEW GAMMA:0.06, NEW BRIGHTNESS: 6/20
MODEL|TS:1470406546, LUMA:45000, NEW GAMMA:0.00, NEW BRIGHTNESS: 1/20
MODEL|TS:1470406563, LUMA:03000, NEW GAMMA:0.93, NEW BRIGHTNESS: 19/20
MODEL|TS:1470406585, LUMA:45000, NEW GAMMA:0.00, NEW BRIGHTNESS: 1/20
MODEL|TS:1470406596, LUMA:03500, NEW GAMMA:0.92, NEW BRIGHTNESS: 19/20
MODEL|TS:1470406631, LUMA:45000, NEW GAMMA:0.00, NEW BRIGHTNESS: 1/20
MODEL|TS:1470406653, LUMA:01000, NEW GAMMA:0.98, NEW BRIGHTNESS: 20/20
MODEL|TS:1470406686, LUMA:10000, NEW GAMMA:0.78, NEW BRIGHTNESS: 17/20
MODEL|TS:1470406689, LUMA:45000, NEW GAMMA:0.00, NEW BRIGHTNESS: 1/20
MODEL|TS:1470406697, LUMA:05000, NEW GAMMA:0.89, NEW BRIGHTNESS: 18/20
MODEL|TS:1470406707, LUMA:45000, NEW GAMMA:0.00, NEW BRIGHTNESS: 1/20
MODEL|TS:1470406723, LUMA:01000, NEW GAMMA:0.98, NEW BRIGHTNESS: 20/20
MODEL|TS:1470406819, LUMA:45000, NEW GAMMA:0.00, NEW BRIGHTNESS: 1/20
MODEL|TS:1470406821, LUMA:05000, NEW GAMMA:0.89, NEW BRIGHTNESS: 18/20
MODEL|TS:1470406844, LUMA:45000, NEW GAMMA:0.00, NEW BRIGHTNESS: 1/20
MODEL|TS:1470406866, LUMA:05000, NEW GAMMA:0.89, NEW BRIGHTNESS: 18/20
MODEL|TS:1470406868, LUMA:45000, NEW GAMMA:0.00, NEW BRIGHTNESS: 1/20
MODEL|TS:1470406870, LUMA:00500, NEW GAMMA:0.99, NEW BRIGHTNESS: 20/20

