okay@chert:~/tonka/src/autolux$ python autolux/autolux.py --verbose --horizontal
CROPPING: True
DISPLAY RANGE: 5 20
LEARNING MODE: True
BRIGHTNESS RANGE: 5000 50000
RECALIBRATE EVERY: 60000
FOLLOW WINDOW PID: False
FOLLOW WINDOW TITLE: True
SCREENSHOT CMD import -colorspace gray -screen -w root -quality 20 -crop 90%x10+200+400
LOADING LUMA MAP /home/okay/.config/autolux.luma_map
MODEL|TS:1470711799, LUMA:01000, NEW GAMMA:0.98, NEW BRIGHTNESS: 28/20
MODEL|TS:1470711801, LUMA:45000, NEW GAMMA:0.00, NEW BRIGHTNESS: 9/20
MODEL|TS:1470711826, LUMA:02000, NEW GAMMA:0.96, NEW BRIGHTNESS: 28/20
MODEL|TS:1470711828, LUMA:10000, NEW GAMMA:0.78, NEW BRIGHTNESS: 26/20
MODEL|TS:1470711830, LUMA:45000, NEW GAMMA:0.00, NEW BRIGHTNESS: 9/20
MODEL|TS:1470711862, LUMA:02000, NEW GAMMA:0.96, NEW BRIGHTNESS: 28/20
MODEL|TS:1470711912, LUMA:45000, NEW GAMMA:0.00, NEW BRIGHTNESS: 9/20
MODEL|TS:1470711933, LUMA:01000, NEW GAMMA:0.98, NEW BRIGHTNESS: 28/20
MODEL|TS:1470711947, LUMA:45000, NEW GAMMA:0.00, NEW BRIGHTNESS: 9/20
MODEL|TS:1470711949, LUMA:01000, NEW GAMMA:0.98, NEW BRIGHTNESS: 28/20
MODEL|TS:1470711990, LUMA:45000, NEW GAMMA:0.00, NEW BRIGHTNESS: 9/20
MODEL|TS:1470711993, LUMA:01000, NEW GAMMA:0.98, NEW BRIGHTNESS: 28/20
MODEL|TS:1470711997, LUMA:45000, NEW GAMMA:0.00, NEW BRIGHTNESS: 9/20
MODEL|TS:1470712012, LUMA:01000, NEW GAMMA:0.98, NEW BRIGHTNESS: 28/20
MODEL|TS:1470712027, LUMA:45000, NEW GAMMA:0.00, NEW BRIGHTNESS: 9/20
MODEL|TS:1470712031, LUMA:01000, NEW GAMMA:0.98, NEW BRIGHTNESS: 28/20
MODEL|TS:1470712035, LUMA:45000, NEW GAMMA:0.00, NEW BRIGHTNESS: 9/20
MODEL|TS:1470712038, LUMA:01000, NEW GAMMA:0.98, NEW BRIGHTNESS: 28/20
MODEL|TS:1470712066, LUMA:45000, NEW GAMMA:0.00, NEW BRIGHTNESS: 9/20
MODEL|TS:1470712071, LUMA:01000, NEW GAMMA:0.98, NEW BRIGHTNESS: 28/20
MODEL|TS:1470712078, LUMA:45000, NEW GAMMA:0.00, NEW BRIGHTNESS: 9/20
MODEL|TS:1470712087, LUMA:01000, NEW GAMMA:0.98, NEW BRIGHTNESS: 28/20
MODEL|TS:1470712092, LUMA:45000, NEW GAMMA:0.00, NEW BRIGHTNESS: 9/20
MODEL|TS:1470712093, LUMA:10000, NEW GAMMA:0.78, NEW BRIGHTNESS: 26/20
MODEL|TS:1470712096, LUMA:45000, NEW GAMMA:0.00, NEW BRIGHTNESS: 9/20
MODEL|TS:1470712105, LUMA:01000, NEW GAMMA:0.98, NEW BRIGHTNESS: 28/20
MODEL|TS:1470712108, LUMA:45000, NEW GAMMA:0.00, NEW BRIGHTNESS: 9/20
MODEL|TS:1470712133, LUMA:01000, NEW GAMMA:0.98, NEW BRIGHTNESS: 28/20
MODEL|TS:1470712157, LUMA:45000, NEW GAMMA:0.00, NEW BRIGHTNESS: 9/20
MODEL|TS:1470712174, LUMA:01000, NEW GAMMA:0.98, NEW BRIGHTNESS: 28/20
MODEL|TS:1470712181, LUMA:45000, NEW GAMMA:0.00, NEW BRIGHTNESS: 9/20
MODEL|TS:1470712187, LUMA:01000, NEW GAMMA:0.98, NEW BRIGHTNESS: 28/20
MODEL|TS:1470712191, LUMA:45000, NEW GAMMA:0.00, NEW BRIGHTNESS: 9/20
MODEL|TS:1470712194, LUMA:01000, NEW GAMMA:0.98, NEW BRIGHTNESS: 28/20
MODEL|TS:1470712199, LUMA:45000, NEW GAMMA:0.00, NEW BRIGHTNESS: 9/20
MODEL|TS:1470712200, LUMA:01000, NEW GAMMA:0.98, NEW BRIGHTNESS: 28/20
MODEL|TS:1470712202, LUMA:45000, NEW GAMMA:0.00, NEW BRIGHTNESS: 11/20
MODEL|TS:1470712265, LUMA:01000, NEW GAMMA:0.98, NEW BRIGHTNESS: 28/20
MODEL|TS:1470712394, LUMA:03000, NEW GAMMA:0.93, NEW BRIGHTNESS: 30/20
MODEL|TS:1470712396, LUMA:45000, NEW GAMMA:0.00, NEW BRIGHTNESS: 11/20
MODEL|TS:1470712462, LUMA:03000, NEW GAMMA:0.93, NEW BRIGHTNESS: 30/20
MODEL|TS:1470712487, LUMA:45000, NEW GAMMA:0.00, NEW BRIGHTNESS: 11/20
MODEL|TS:1470712492, LUMA:28500, NEW GAMMA:0.37, NEW BRIGHTNESS: 16/20
MODEL|TS:1470712493, LUMA:45000, NEW GAMMA:0.00, NEW BRIGHTNESS: 11/20
MODEL|TS:1470712499, LUMA:01500, NEW GAMMA:0.97, NEW BRIGHTNESS: 28/20
MODEL|TS:1470712501, LUMA:45000, NEW GAMMA:0.00, NEW BRIGHTNESS: 11/20
INPUT|TS:1470712504, LUMA:45000, CUR:5.00, EXP:11.0
LEARN|TS:1470712504, LUMA:45000, HOUR: 20:10, PREV:11, NEW:9
INPUT|TS:1470712507, LUMA:45000, CUR:5.00, EXP:11.0
LEARN|TS:1470712507, LUMA:45000, HOUR: 20:10, PREV:9, NEW:8
INPUT|TS:1470712509, LUMA:45000, CUR:5.00, EXP:11.0
LEARN|TS:1470712509, LUMA:45000, HOUR: 20:10, PREV:8, NEW:6
INPUT|TS:1470712513, LUMA:45000, CUR:5.00, EXP:11.0
LEARN|TS:1470712513, LUMA:45000, HOUR: 20:10, PREV:6, NEW:5
MODEL|TS:1470712514, LUMA:01500, NEW GAMMA:0.97, NEW BRIGHTNESS: 28/20
MODEL|TS:1470712516, LUMA:45000, NEW GAMMA:0.00, NEW BRIGHTNESS: 5/20
INPUT|TS:1470712518, LUMA:45000, CUR:10.00, EXP:5.0
LEARN|TS:1470712518, LUMA:45000, HOUR: 20:10, PREV:5, NEW:7
MODEL|TS:1470712526, LUMA:45000, NEW GAMMA:0.00, NEW BRIGHTNESS: 7/20
MODEL|TS:1470712527, LUMA:09500, NEW GAMMA:0.79, NEW BRIGHTNESS: 26/20
MODEL|TS:1470712529, LUMA:45000, NEW GAMMA:0.00, NEW BRIGHTNESS: 7/20
MODEL|TS:1470712674, LUMA:01500, NEW GAMMA:0.97, NEW BRIGHTNESS: 28/20
MODEL|TS:1470712675, LUMA:03500, NEW GAMMA:0.92, NEW BRIGHTNESS: 30/20
MODEL|TS:1470712677, LUMA:45000, NEW GAMMA:0.00, NEW BRIGHTNESS: 7/20
MODEL|TS:1470712680, LUMA:03500, NEW GAMMA:0.92, NEW BRIGHTNESS: 30/20
MODEL|TS:1470712683, LUMA:01500, NEW GAMMA:0.97, NEW BRIGHTNESS: 28/20
MODEL|TS:1470712686, LUMA:45000, NEW GAMMA:0.00, NEW BRIGHTNESS: 7/20
MODEL|TS:1470712688, LUMA:03500, NEW GAMMA:0.92, NEW BRIGHTNESS: 30/20
MODEL|TS:1470712699, LUMA:45000, NEW GAMMA:0.00, NEW BRIGHTNESS: 7/20
INPUT|TS:1470712701, LUMA:45000, CUR:9.00, EXP:7.0
LEARN|TS:1470712701, LUMA:45000, HOUR: 20:10, PREV:7, NEW:7
MODEL|TS:1470712703, LUMA:22500, NEW GAMMA:0.50, NEW BRIGHTNESS: 16/20
MODEL|TS:1470712704, LUMA:10000, NEW GAMMA:0.78, NEW BRIGHTNESS: 26/20
MODEL|TS:1470712705, LUMA:01000, NEW GAMMA:0.98, NEW BRIGHTNESS: 28/20
INPUT|TS:1470712706, LUMA:01000, CUR:25.00, EXP:28.0
LEARN|TS:1470712706, LUMA:01000, HOUR: 20:10, PREV:28, NEW:27
INPUT|TS:1470712708, LUMA:01000, CUR:25.00, EXP:28.0
LEARN|TS:1470712708, LUMA:01000, HOUR: 20:10, PREV:27, NEW:26
INPUT|TS:1470712710, LUMA:01000, CUR:25.00, EXP:28.0
LEARN|TS:1470712710, LUMA:01000, HOUR: 20:10, PREV:26, NEW:26
MODEL|TS:1470712711, LUMA:45000, NEW GAMMA:0.00, NEW BRIGHTNESS: 7/20
INPUT|TS:1470712720, LUMA:45000, CUR:4.00, EXP:7.0
LEARN|TS:1470712720, LUMA:45000, HOUR: 20:10, PREV:7, NEW:6
MODEL|TS:1470712721, LUMA:45000, NEW GAMMA:0.00, NEW BRIGHTNESS: 6/20
MODEL|TS:1470712837, LUMA:01500, NEW GAMMA:0.97, NEW BRIGHTNESS: 28/20
MODEL|TS:1470712839, LUMA:45000, NEW GAMMA:0.00, NEW BRIGHTNESS: 9/20
MODEL|TS:1470712845, LUMA:01500, NEW GAMMA:0.97, NEW BRIGHTNESS: 28/20
MODEL|TS:1470712851, LUMA:45000, NEW GAMMA:0.00, NEW BRIGHTNESS: 9/20
MODEL|TS:1470712854, LUMA:04500, NEW GAMMA:0.90, NEW BRIGHTNESS: 28/20
MODEL|TS:1470712857, LUMA:14000, NEW GAMMA:0.69, NEW BRIGHTNESS: 23/20
MODEL|TS:1470712858, LUMA:05500, NEW GAMMA:0.88, NEW BRIGHTNESS: 31/20
MODEL|TS:1470712859, LUMA:14000, NEW GAMMA:0.69, NEW BRIGHTNESS: 23/20
MODEL|TS:1470712861, LUMA:45000, NEW GAMMA:0.00, NEW BRIGHTNESS: 9/20
MODEL|TS:1470712864, LUMA:01500, NEW GAMMA:0.97, NEW BRIGHTNESS: 28/20
MODEL|TS:1470712870, LUMA:14000, NEW GAMMA:0.69, NEW BRIGHTNESS: 23/20
MODEL|TS:1470712871, LUMA:05500, NEW GAMMA:0.88, NEW BRIGHTNESS: 31/20
MODEL|TS:1470712872, LUMA:45000, NEW GAMMA:0.00, NEW BRIGHTNESS: 9/20
INPUT|TS:1470712875, LUMA:45000, CUR:6.00, EXP:9.0
LEARN|TS:1470712875, LUMA:45000, HOUR: 20:20, PREV:9, NEW:8
INPUT|TS:1470712882, LUMA:45000, CUR:6.00, EXP:9.0
LEARN|TS:1470712882, LUMA:45000, HOUR: 20:20, PREV:8, NEW:7
INPUT|TS:1470712892, LUMA:45000, CUR:6.00, EXP:9.0
LEARN|TS:1470712892, LUMA:45000, HOUR: 20:20, PREV:7, NEW:7
INPUT|TS:1470712906, LUMA:45000, CUR:6.00, EXP:9.0
LEARN|TS:1470712906, LUMA:45000, HOUR: 20:20, PREV:7, NEW:6
INPUT|TS:1470712927, LUMA:45000, CUR:6.00, EXP:9.0
LEARN|TS:1470712927, LUMA:45000, HOUR: 20:20, PREV:6, NEW:6
MODEL|TS:1470712937, LUMA:04500, NEW GAMMA:0.90, NEW BRIGHTNESS: 28/20
MODEL|TS:1470712938, LUMA:45000, NEW GAMMA:0.00, NEW BRIGHTNESS: 6/20
INPUT|TS:1470712943, LUMA:45000, CUR:4.00, EXP:6.0
LEARN|TS:1470712943, LUMA:45000, HOUR: 20:20, PREV:6, NEW:5
MODEL|TS:1470712948, LUMA:45000, NEW GAMMA:0.00, NEW BRIGHTNESS: 5/20
MODEL|TS:1470712949, LUMA:01500, NEW GAMMA:0.97, NEW BRIGHTNESS: 28/20
MODEL|TS:1470712952, LUMA:45000, NEW GAMMA:0.00, NEW BRIGHTNESS: 5/20
MODEL|TS:1470712956, LUMA:28500, NEW GAMMA:0.37, NEW BRIGHTNESS: 16/20
MODEL|TS:1470712957, LUMA:45000, NEW GAMMA:0.00, NEW BRIGHTNESS: 5/20
INPUT|TS:1470712965, LUMA:45000, CUR:8.00, EXP:5.0
LEARN|TS:1470712965, LUMA:45000, HOUR: 20:20, PREV:5, NEW:6
MODEL|TS:1470712967, LUMA:45000, NEW GAMMA:0.00, NEW BRIGHTNESS: 6/20
MODEL|TS:1470712980, LUMA:28500, NEW GAMMA:0.37, NEW BRIGHTNESS: 16/20
MODEL|TS:1470712981, LUMA:45000, NEW GAMMA:0.00, NEW BRIGHTNESS: 6/20
MODEL|TS:1470712982, LUMA:28500, NEW GAMMA:0.37, NEW BRIGHTNESS: 16/20
MODEL|TS:1470712983, LUMA:45000, NEW GAMMA:0.00, NEW BRIGHTNESS: 6/20
MODEL|TS:1470712988, LUMA:01500, NEW GAMMA:0.97, NEW BRIGHTNESS: 28/20
MODEL|TS:1470712990, LUMA:45000, NEW GAMMA:0.00, NEW BRIGHTNESS: 6/20
MODEL|TS:1470712991, LUMA:01500, NEW GAMMA:0.97, NEW BRIGHTNESS: 28/20
^CTraceback (most recent call last):
  File "/usr/local/bin/autolux", line 4, in <module>
    autolux.run()
  File "/usr/local/lib/python2.7/dist-packages/autolux/autolux.py", line 428, in run
    monitor_luma()
  File "/usr/local/lib/python2.7/dist-packages/autolux/autolux.py", line 309, in monitor_luma
KeyboardInterrupt
okay@chert:~/tonka/src/autolux$ autolux --verbose
CROPPING: True
DISPLAY RANGE: 5 20
LEARNING MODE: True
BRIGHTNESS RANGE: 5000 50000
RECALIBRATE EVERY: 60000
FOLLOW WINDOW PID: False
FOLLOW WINDOW TITLE: True
SCREENSHOT CMD import -colorspace gray -screen -w root -quality 20 -crop 10x100%+400+0
LOADING LUMA MAP /home/okay/.config/autolux.luma_map
MODEL|TS:1470712994, LUMA:01000, NEW GAMMA:0.98, NEW BRIGHTNESS: 28/20
MODEL|TS:1470712995, LUMA:45000, NEW GAMMA:0.00, NEW BRIGHTNESS: 6/20
MODEL|TS:1470712999, LUMA:04500, NEW GAMMA:0.90, NEW BRIGHTNESS: 28/20
MODEL|TS:1470713004, LUMA:45000, NEW GAMMA:0.00, NEW BRIGHTNESS: 6/20
MODEL|TS:1470713006, LUMA:01000, NEW GAMMA:0.98, NEW BRIGHTNESS: 28/20
MODEL|TS:1470713007, LUMA:45000, NEW GAMMA:0.00, NEW BRIGHTNESS: 6/20
MODEL|TS:1470713011, LUMA:15500, NEW GAMMA:0.66, NEW BRIGHTNESS: 25/20
MODEL|TS:1470713012, LUMA:45000, NEW GAMMA:0.00, NEW BRIGHTNESS: 6/20
MODEL|TS:1470713015, LUMA:01000, NEW GAMMA:0.98, NEW BRIGHTNESS: 28/20
MODEL|TS:1470713018, LUMA:45000, NEW GAMMA:0.00, NEW BRIGHTNESS: 6/20
MODEL|TS:1470713021, LUMA:01000, NEW GAMMA:0.98, NEW BRIGHTNESS: 28/20
MODEL|TS:1470713022, LUMA:17000, NEW GAMMA:0.62, NEW BRIGHTNESS: 25/20
MODEL|TS:1470713025, LUMA:45000, NEW GAMMA:0.00, NEW BRIGHTNESS: 6/20
MODEL|TS:1470713032, LUMA:01000, NEW GAMMA:0.98, NEW BRIGHTNESS: 28/20
MODEL|TS:1470713036, LUMA:45000, NEW GAMMA:0.00, NEW BRIGHTNESS: 6/20
MODEL|TS:1470713082, LUMA:01000, NEW GAMMA:0.98, NEW BRIGHTNESS: 28/20
MODEL|TS:1470713087, LUMA:45000, NEW GAMMA:0.00, NEW BRIGHTNESS: 6/20
MODEL|TS:1470713092, LUMA:15500, NEW GAMMA:0.66, NEW BRIGHTNESS: 25/20
MODEL|TS:1470713093, LUMA:45000, NEW GAMMA:0.00, NEW BRIGHTNESS: 6/20
MODEL|TS:1470713105, LUMA:01000, NEW GAMMA:0.98, NEW BRIGHTNESS: 28/20
MODEL|TS:1470713110, LUMA:45000, NEW GAMMA:0.00, NEW BRIGHTNESS: 6/20
MODEL|TS:1470713112, LUMA:15500, NEW GAMMA:0.66, NEW BRIGHTNESS: 25/20
MODEL|TS:1470713113, LUMA:45000, NEW GAMMA:0.00, NEW BRIGHTNESS: 6/20
INPUT|TS:1470713115, LUMA:45000, CUR:24.00, EXP:6.0
LEARN|TS:1470713115, LUMA:45000, HOUR: 20:20, PREV:6, NEW:12
INPUT|TS:1470713117, LUMA:45000, CUR:24.00, EXP:6.0
LEARN|TS:1470713117, LUMA:45000, HOUR: 20:20, PREV:12, NEW:17
INPUT|TS:1470713119, LUMA:45000, CUR:24.00, EXP:6.0
LEARN|TS:1470713119, LUMA:45000, HOUR: 20:20, PREV:17, NEW:20
MODEL|TS:1470713120, LUMA:45000, NEW GAMMA:0.00, NEW BRIGHTNESS: 20/20
MODEL|TS:1470713127, LUMA:15500, NEW GAMMA:0.66, NEW BRIGHTNESS: 25/20
MODEL|TS:1470713128, LUMA:01000, NEW GAMMA:0.98, NEW BRIGHTNESS: 28/20
MODEL|TS:1470713132, LUMA:15500, NEW GAMMA:0.66, NEW BRIGHTNESS: 25/20
MODEL|TS:1470713133, LUMA:45000, NEW GAMMA:0.00, NEW BRIGHTNESS: 20/20
INPUT|TS:1470713137, LUMA:45000, CUR:12.00, EXP:20.0
LEARN|TS:1470713137, LUMA:45000, HOUR: 20:20, PREV:20, NEW:18
INPUT|TS:1470713139, LUMA:45000, CUR:12.00, EXP:20.0
LEARN|TS:1470713139, LUMA:45000, HOUR: 20:20, PREV:18, NEW:16
MODEL|TS:1470713142, LUMA:45000, NEW GAMMA:0.00, NEW BRIGHTNESS: 16/20
INPUT|TS:1470713146, LUMA:45000, CUR:5.00, EXP:16.0
LEARN|TS:1470713146, LUMA:45000, HOUR: 20:20, PREV:16, NEW:12
MODEL|TS:1470713148, LUMA:45000, NEW GAMMA:0.00, NEW BRIGHTNESS: 12/20
INPUT|TS:1470713158, LUMA:45000, CUR:8.00, EXP:12.0
LEARN|TS:1470713158, LUMA:45000, HOUR: 20:20, PREV:12, NEW:10
MODEL|TS:1470713161, LUMA:45000, NEW GAMMA:0.00, NEW BRIGHTNESS: 10/20
MODEL|TS:1470713166, LUMA:05000, NEW GAMMA:0.89, NEW BRIGHTNESS: 31/20
MODEL|TS:1470713190, LUMA:01000, NEW GAMMA:0.98, NEW BRIGHTNESS: 28/20
MODEL|TS:1470713191, LUMA:45000, NEW GAMMA:0.00, NEW BRIGHTNESS: 10/20
MODEL|TS:1470713193, LUMA:05000, NEW GAMMA:0.89, NEW BRIGHTNESS: 31/20
MODEL|TS:1470713194, LUMA:01000, NEW GAMMA:0.98, NEW BRIGHTNESS: 28/20
MODEL|TS:1470713196, LUMA:05000, NEW GAMMA:0.89, NEW BRIGHTNESS: 31/20
MODEL|TS:1470713398, LUMA:12500, NEW GAMMA:0.72, NEW BRIGHTNESS: 25/20
MODEL|TS:1470713400, LUMA:45000, NEW GAMMA:0.00, NEW BRIGHTNESS: 9/20
MODEL|TS:1470713406, LUMA:05000, NEW GAMMA:0.89, NEW BRIGHTNESS: 31/20
MODEL|TS:1470713410, LUMA:45000, NEW GAMMA:0.00, NEW BRIGHTNESS: 9/20
MODEL|TS:1470713433, LUMA:05000, NEW GAMMA:0.89, NEW BRIGHTNESS: 31/20
MODEL|TS:1470713578, LUMA:45000, NEW GAMMA:0.00, NEW BRIGHTNESS: 9/20
INPUT|TS:1470713581, LUMA:45000, CUR:24.00, EXP:9.0
LEARN|TS:1470713581, LUMA:45000, HOUR: 20:30, PREV:9, NEW:14
MODEL|TS:1470713582, LUMA:45000, NEW GAMMA:0.00, NEW BRIGHTNESS: 14/20
MODEL|TS:1470713607, LUMA:05000, NEW GAMMA:0.89, NEW BRIGHTNESS: 31/20
MODEL|TS:1470713658, LUMA:45000, NEW GAMMA:0.00, NEW BRIGHTNESS: 14/20
MODEL|TS:1470713680, LUMA:05000, NEW GAMMA:0.89, NEW BRIGHTNESS: 31/20
MODEL|TS:1470713903, LUMA:45000, NEW GAMMA:0.00, NEW BRIGHTNESS: 14/20
MODEL|TS:1470713936, LUMA:05000, NEW GAMMA:0.89, NEW BRIGHTNESS: 31/20
MODEL|TS:1470713992, LUMA:45000, NEW GAMMA:0.00, NEW BRIGHTNESS: 14/20
INPUT|TS:1470713996, LUMA:45000, CUR:23.00, EXP:14.0
LEARN|TS:1470713996, LUMA:45000, HOUR: 20:30, PREV:14, NEW:17
MODEL|TS:1470713997, LUMA:05000, NEW GAMMA:0.89, NEW BRIGHTNESS: 31/20
MODEL|TS:1470714404, LUMA:45000, NEW GAMMA:0.00, NEW BRIGHTNESS: 14/20
MODEL|TS:1470714409, LUMA:05000, NEW GAMMA:0.89, NEW BRIGHTNESS: 29/20
MODEL|TS:1470714414, LUMA:45000, NEW GAMMA:0.00, NEW BRIGHTNESS: 14/20
MODEL|TS:1470714417, LUMA:05000, NEW GAMMA:0.89, NEW BRIGHTNESS: 29/20
MODEL|TS:1470714626, LUMA:10000, NEW GAMMA:0.78, NEW BRIGHTNESS: 26/20
MODEL|TS:1470714631, LUMA:05000, NEW GAMMA:0.89, NEW BRIGHTNESS: 27/20
MODEL|TS:1470714647, LUMA:45000, NEW GAMMA:0.00, NEW BRIGHTNESS: 12/20
MODEL|TS:1470714661, LUMA:05000, NEW GAMMA:0.89, NEW BRIGHTNESS: 27/20
MODEL|TS:1470714667, LUMA:45000, NEW GAMMA:0.00, NEW BRIGHTNESS: 12/20
MODEL|TS:1470714675, LUMA:05000, NEW GAMMA:0.89, NEW BRIGHTNESS: 27/20
MODEL|TS:1470714698, LUMA:45000, NEW GAMMA:0.00, NEW BRIGHTNESS: 12/20
INPUT|TS:1470714701, LUMA:45000, CUR:27.00, EXP:12.0
LEARN|TS:1470714701, LUMA:45000, HOUR: 20:50, PREV:12, NEW:17
INPUT|TS:1470714708, LUMA:45000, CUR:27.00, EXP:12.0
LEARN|TS:1470714708, LUMA:45000, HOUR: 20:50, PREV:17, NEW:20
MODEL|TS:1470714709, LUMA:45000, NEW GAMMA:0.00, NEW BRIGHTNESS: 20/20
MODEL|TS:1470714723, LUMA:05000, NEW GAMMA:0.89, NEW BRIGHTNESS: 27/20
MODEL|TS:1470714739, LUMA:45000, NEW GAMMA:0.00, NEW BRIGHTNESS: 20/20
MODEL|TS:1470714740, LUMA:05000, NEW GAMMA:0.89, NEW BRIGHTNESS: 27/20
MODEL|TS:1470714743, LUMA:45000, NEW GAMMA:0.00, NEW BRIGHTNESS: 20/20
MODEL|TS:1470714745, LUMA:05000, NEW GAMMA:0.89, NEW BRIGHTNESS: 27/20
MODEL|TS:1470714756, LUMA:10000, NEW GAMMA:0.78, NEW BRIGHTNESS: 26/20
MODEL|TS:1470714758, LUMA:45000, NEW GAMMA:0.00, NEW BRIGHTNESS: 20/20
MODEL|TS:1470714761, LUMA:05000, NEW GAMMA:0.89, NEW BRIGHTNESS: 27/20
MODEL|TS:1470714791, LUMA:45000, NEW GAMMA:0.00, NEW BRIGHTNESS: 20/20
MODEL|TS:1470714846, LUMA:05000, NEW GAMMA:0.89, NEW BRIGHTNESS: 27/20
MODEL|TS:1470714873, LUMA:10000, NEW GAMMA:0.78, NEW BRIGHTNESS: 26/20
MODEL|TS:1470714876, LUMA:45000, NEW GAMMA:0.00, NEW BRIGHTNESS: 20/20
MODEL|TS:1470714877, LUMA:05000, NEW GAMMA:0.89, NEW BRIGHTNESS: 27/20
MODEL|TS:1470714881, LUMA:10000, NEW GAMMA:0.78, NEW BRIGHTNESS: 26/20
MODEL|TS:1470714882, LUMA:45000, NEW GAMMA:0.00, NEW BRIGHTNESS: 20/20
MODEL|TS:1470714900, LUMA:01000, NEW GAMMA:0.98, NEW BRIGHTNESS: 30/20
MODEL|TS:1470714901, LUMA:05000, NEW GAMMA:0.89, NEW BRIGHTNESS: 27/20
MODEL|TS:1470714917, LUMA:10000, NEW GAMMA:0.78, NEW BRIGHTNESS: 26/20
MODEL|TS:1470714918, LUMA:45000, NEW GAMMA:0.00, NEW BRIGHTNESS: 20/20
MODEL|TS:1470714920, LUMA:05000, NEW GAMMA:0.89, NEW BRIGHTNESS: 27/20
MODEL|TS:1470714926, LUMA:45000, NEW GAMMA:0.00, NEW BRIGHTNESS: 20/20
MODEL|TS:1470714943, LUMA:05500, NEW GAMMA:0.88, NEW BRIGHTNESS: 27/20
MODEL|TS:1470714945, LUMA:45000, NEW GAMMA:0.00, NEW BRIGHTNESS: 20/20
MODEL|TS:1470714970, LUMA:05500, NEW GAMMA:0.88, NEW BRIGHTNESS: 27/20
MODEL|TS:1470714973, LUMA:45000, NEW GAMMA:0.00, NEW BRIGHTNESS: 20/20
MODEL|TS:1470715042, LUMA:05000, NEW GAMMA:0.89, NEW BRIGHTNESS: 27/20
MODEL|TS:1470715264, LUMA:45000, NEW GAMMA:0.00, NEW BRIGHTNESS: 16/20
MODEL|TS:1470715313, LUMA:03500, NEW GAMMA:0.92, NEW BRIGHTNESS: 27/20
MODEL|TS:1470715445, LUMA:45000, NEW GAMMA:0.00, NEW BRIGHTNESS: 16/20
INPUT|TS:1470715449, LUMA:45000, CUR:11.00, EXP:16.0
LEARN|TS:1470715449, LUMA:45000, HOUR: 21:00, PREV:16, NEW:14
INPUT|TS:1470715452, LUMA:45000, CUR:11.00, EXP:16.0
LEARN|TS:1470715452, LUMA:45000, HOUR: 21:00, PREV:14, NEW:13
MODEL|TS:1470715454, LUMA:05000, NEW GAMMA:0.89, NEW BRIGHTNESS: 26/20
MODEL|TS:1470715540, LUMA:45000, NEW GAMMA:0.00, NEW BRIGHTNESS: 13/20
MODEL|TS:1470715544, LUMA:05000, NEW GAMMA:0.89, NEW BRIGHTNESS: 26/20
MODEL|TS:1470715546, LUMA:45000, NEW GAMMA:0.00, NEW BRIGHTNESS: 13/20
MODEL|TS:1470715553, LUMA:05000, NEW GAMMA:0.89, NEW BRIGHTNESS: 26/20
MODEL|TS:1470715902, LUMA:33000, NEW GAMMA:0.27, NEW BRIGHTNESS: 23/20
MODEL|TS:1470715904, LUMA:45000, NEW GAMMA:0.00, NEW BRIGHTNESS: 11/20
MODEL|TS:1470715923, LUMA:10000, NEW GAMMA:0.78, NEW BRIGHTNESS: 27/20
MODEL|TS:1470715925, LUMA:45000, NEW GAMMA:0.00, NEW BRIGHTNESS: 11/20
MODEL|TS:1470715932, LUMA:05000, NEW GAMMA:0.89, NEW BRIGHTNESS: 25/20
MODEL|TS:1470715933, LUMA:45000, NEW GAMMA:0.00, NEW BRIGHTNESS: 11/20
MODEL|TS:1470715935, LUMA:05000, NEW GAMMA:0.89, NEW BRIGHTNESS: 25/20
MODEL|TS:1470716235, LUMA:45000, NEW GAMMA:0.00, NEW BRIGHTNESS: 11/20
MODEL|TS:1470716240, LUMA:10000, NEW GAMMA:0.78, NEW BRIGHTNESS: 27/20
MODEL|TS:1470716241, LUMA:45000, NEW GAMMA:0.00, NEW BRIGHTNESS: 11/20
MODEL|TS:1470716257, LUMA:09500, NEW GAMMA:0.79, NEW BRIGHTNESS: 27/20
MODEL|TS:1470716258, LUMA:01000, NEW GAMMA:0.98, NEW BRIGHTNESS: 29/20
MODEL|TS:1470716259, LUMA:05000, NEW GAMMA:0.89, NEW BRIGHTNESS: 25/20
MODEL|TS:1470716260, LUMA:45000, NEW GAMMA:0.00, NEW BRIGHTNESS: 11/20
MODEL|TS:1470716265, LUMA:10000, NEW GAMMA:0.78, NEW BRIGHTNESS: 27/20
MODEL|TS:1470716267, LUMA:45000, NEW GAMMA:0.00, NEW BRIGHTNESS: 11/20
MODEL|TS:1470716283, LUMA:01000, NEW GAMMA:0.98, NEW BRIGHTNESS: 29/20
MODEL|TS:1470716284, LUMA:05000, NEW GAMMA:0.89, NEW BRIGHTNESS: 25/20
MODEL|TS:1470716296, LUMA:09500, NEW GAMMA:0.79, NEW BRIGHTNESS: 27/20
MODEL|TS:1470716301, LUMA:01000, NEW GAMMA:0.98, NEW BRIGHTNESS: 29/20
MODEL|TS:1470716305, LUMA:45000, NEW GAMMA:0.00, NEW BRIGHTNESS: 11/20
INPUT|TS:1470716312, LUMA:45000, CUR:2.00, EXP:11.0
LEARN|TS:1470716312, LUMA:45000, HOUR: 21:10, PREV:11, NEW:7
INPUT|TS:1470716314, LUMA:45000, CUR:3.00, EXP:11.0
LEARN|TS:1470716314, LUMA:45000, HOUR: 21:10, PREV:7, NEW:5
INPUT|TS:1470716316, LUMA:45000, CUR:3.00, EXP:11.0
LEARN|TS:1470716316, LUMA:45000, HOUR: 21:10, PREV:5, NEW:4
MODEL|TS:1470716318, LUMA:01000, NEW GAMMA:0.98, NEW BRIGHTNESS: 29/20
MODEL|TS:1470716320, LUMA:45000, NEW GAMMA:0.00, NEW BRIGHTNESS: 4/20
MODEL|TS:1470716321, LUMA:01000, NEW GAMMA:0.98, NEW BRIGHTNESS: 29/20
INPUT|TS:1470716322, LUMA:01000, CUR:23.00, EXP:29.0
LEARN|TS:1470716322, LUMA:01000, HOUR: 21:10, PREV:29, NEW:27
INPUT|TS:1470716324, LUMA:01000, CUR:21.00, EXP:29.0
LEARN|TS:1470716324, LUMA:01000, HOUR: 21:10, PREV:27, NEW:25
INPUT|TS:1470716326, LUMA:01000, CUR:21.00, EXP:29.0
LEARN|TS:1470716326, LUMA:01000, HOUR: 21:10, PREV:25, NEW:23
INPUT|TS:1470716329, LUMA:01000, CUR:21.00, EXP:29.0
LEARN|TS:1470716329, LUMA:01000, HOUR: 21:10, PREV:23, NEW:22
MODEL|TS:1470716330, LUMA:45000, NEW GAMMA:0.00, NEW BRIGHTNESS: 4/20
MODEL|TS:1470716737, LUMA:05000, NEW GAMMA:0.89, NEW BRIGHTNESS: 25/20
MODEL|TS:1470716870, LUMA:45000, NEW GAMMA:0.00, NEW BRIGHTNESS: 7/20
MODEL|TS:1470716871, LUMA:01000, NEW GAMMA:0.98, NEW BRIGHTNESS: 24/20
MODEL|TS:1470716872, LUMA:45000, NEW GAMMA:0.00, NEW BRIGHTNESS: 7/20
INPUT|TS:1470716877, LUMA:45000, CUR:19.00, EXP:7.0
LEARN|TS:1470716877, LUMA:45000, HOUR: 21:20, PREV:7, NEW:11
MODEL|TS:1470716880, LUMA:05000, NEW GAMMA:0.89, NEW BRIGHTNESS: 25/20
MODEL|TS:1470717075, LUMA:10000, NEW GAMMA:0.78, NEW BRIGHTNESS: 27/20
MODEL|TS:1470717077, LUMA:45000, NEW GAMMA:0.00, NEW BRIGHTNESS: 10/20
MODEL|TS:1470717097, LUMA:01000, NEW GAMMA:0.98, NEW BRIGHTNESS: 26/20
MODEL|TS:1470717104, LUMA:45000, NEW GAMMA:0.00, NEW BRIGHTNESS: 10/20
MODEL|TS:1470717106, LUMA:05000, NEW GAMMA:0.89, NEW BRIGHTNESS: 24/20
MODEL|TS:1470717115, LUMA:45000, NEW GAMMA:0.00, NEW BRIGHTNESS: 10/20
INPUT|TS:1470717118, LUMA:45000, CUR:18.00, EXP:10.0
LEARN|TS:1470717118, LUMA:45000, HOUR: 21:30, PREV:10, NEW:13
MODEL|TS:1470717125, LUMA:01000, NEW GAMMA:0.98, NEW BRIGHTNESS: 26/20
MODEL|TS:1470717126, LUMA:05000, NEW GAMMA:0.89, NEW BRIGHTNESS: 24/20
MODEL|TS:1470717527, LUMA:01000, NEW GAMMA:0.98, NEW BRIGHTNESS: 26/20
MODEL|TS:1470717528, LUMA:05000, NEW GAMMA:0.89, NEW BRIGHTNESS: 24/20
MODEL|TS:1470717533, LUMA:45000, NEW GAMMA:0.00, NEW BRIGHTNESS: 13/20
INPUT|TS:1470717536, LUMA:45000, CUR:8.00, EXP:13.0
LEARN|TS:1470717536, LUMA:45000, HOUR: 21:30, PREV:13, NEW:11
MODEL|TS:1470717537, LUMA:45000, NEW GAMMA:0.00, NEW BRIGHTNESS: 11/20
MODEL|TS:1470717551, LUMA:05000, NEW GAMMA:0.89, NEW BRIGHTNESS: 24/20
MODEL|TS:1470717554, LUMA:01000, NEW GAMMA:0.98, NEW BRIGHTNESS: 26/20
MODEL|TS:1470717557, LUMA:45000, NEW GAMMA:0.00, NEW BRIGHTNESS: 11/20
INPUT|TS:1470717559, LUMA:45000, CUR:0.00, EXP:11.0
LEARN|TS:1470717559, LUMA:45000, HOUR: 21:30, PREV:11, NEW:7
INPUT|TS:1470717561, LUMA:45000, CUR:1.00, EXP:11.0
LEARN|TS:1470717561, LUMA:45000, HOUR: 21:30, PREV:7, NEW:4
INPUT|TS:1470717563, LUMA:45000, CUR:1.00, EXP:11.0
LEARN|TS:1470717563, LUMA:45000, HOUR: 21:30, PREV:4, NEW:3
INPUT|TS:1470717567, LUMA:45000, CUR:1.00, EXP:11.0
LEARN|TS:1470717567, LUMA:45000, HOUR: 21:30, PREV:3, NEW:1
INPUT|TS:1470717572, LUMA:45000, CUR:1.00, EXP:11.0
LEARN|TS:1470717572, LUMA:45000, HOUR: 21:30, PREV:1, NEW:1
INPUT|TS:1470717578, LUMA:45000, CUR:1.00, EXP:11.0
LEARN|TS:1470717578, LUMA:45000, HOUR: 21:30, PREV:1, NEW:1
INPUT|TS:1470717586, LUMA:45000, CUR:1.00, EXP:11.0
LEARN|TS:1470717586, LUMA:45000, HOUR: 21:30, PREV:1, NEW:0
INPUT|TS:1470717599, LUMA:45000, CUR:1.00, EXP:11.0
LEARN|TS:1470717599, LUMA:45000, HOUR: 21:30, PREV:0, NEW:1
MODEL|TS:1470717612, LUMA:45000, NEW GAMMA:0.00, NEW BRIGHTNESS: 4/20
MODEL|TS:1470717633, LUMA:10000, NEW GAMMA:0.78, NEW BRIGHTNESS: 27/20
MODEL|TS:1470717635, LUMA:45000, NEW GAMMA:0.00, NEW BRIGHTNESS: 4/20
MODEL|TS:1470717638, LUMA:15500, NEW GAMMA:0.66, NEW BRIGHTNESS: 25/20
MODEL|TS:1470717639, LUMA:45000, NEW GAMMA:0.00, NEW BRIGHTNESS: 4/20
MODEL|TS:1470717661, LUMA:10000, NEW GAMMA:0.78, NEW BRIGHTNESS: 27/20
MODEL|TS:1470717662, LUMA:01000, NEW GAMMA:0.98, NEW BRIGHTNESS: 29/20
MODEL|TS:1470717664, LUMA:45000, NEW GAMMA:0.00, NEW BRIGHTNESS: 4/20
MODEL|TS:1470717667, LUMA:01000, NEW GAMMA:0.98, NEW BRIGHTNESS: 29/20
MODEL|TS:1470717669, LUMA:45000, NEW GAMMA:0.00, NEW BRIGHTNESS: 4/20
MODEL|TS:1470717670, LUMA:01000, NEW GAMMA:0.98, NEW BRIGHTNESS: 29/20
INPUT|TS:1470717672, LUMA:01000, CUR:26.00, EXP:29.0
LEARN|TS:1470717672, LUMA:01000, HOUR: 21:40, PREV:29, NEW:28
INPUT|TS:1470717675, LUMA:01000, CUR:20.00, EXP:29.0
LEARN|TS:1470717675, LUMA:01000, HOUR: 21:40, PREV:28, NEW:25
MODEL|TS:1470717677, LUMA:45000, NEW GAMMA:0.00, NEW BRIGHTNESS: 4/20
MODEL|TS:1470717678, LUMA:01000, NEW GAMMA:0.98, NEW BRIGHTNESS: 25/20
INPUT|TS:1470717682, LUMA:01000, CUR:23.00, EXP:25.0
LEARN|TS:1470717682, LUMA:01000, HOUR: 21:40, PREV:25, NEW:24
INPUT|TS:1470717689, LUMA:01000, CUR:20.00, EXP:25.0
LEARN|TS:1470717689, LUMA:01000, HOUR: 21:40, PREV:24, NEW:22
MODEL|TS:1470717696, LUMA:45000, NEW GAMMA:0.00, NEW BRIGHTNESS: 4/20
MODEL|TS:1470717706, LUMA:01000, NEW GAMMA:0.98, NEW BRIGHTNESS: 22/20
MODEL|TS:1470717707, LUMA:45000, NEW GAMMA:0.00, NEW BRIGHTNESS: 4/20
INPUT|TS:1470717710, LUMA:45000, CUR:10.00, EXP:4.0
LEARN|TS:1470717710, LUMA:45000, HOUR: 21:40, PREV:4, NEW:6
MODEL|TS:1470717711, LUMA:05000, NEW GAMMA:0.89, NEW BRIGHTNESS: 24/20
MODEL|TS:1470717779, LUMA:17000, NEW GAMMA:0.62, NEW BRIGHTNESS: 25/20
MODEL|TS:1470717780, LUMA:45000, NEW GAMMA:0.00, NEW BRIGHTNESS: 6/20
MODEL|TS:1470717876, LUMA:05000, NEW GAMMA:0.89, NEW BRIGHTNESS: 24/20
MODEL|TS:1470717879, LUMA:45000, NEW GAMMA:0.00, NEW BRIGHTNESS: 6/20
MODEL|TS:1470717880, LUMA:05000, NEW GAMMA:0.89, NEW BRIGHTNESS: 24/20
MODEL|TS:1470717895, LUMA:45000, NEW GAMMA:0.00, NEW BRIGHTNESS: 6/20
MODEL|TS:1470717896, LUMA:17000, NEW GAMMA:0.62, NEW BRIGHTNESS: 25/20
MODEL|TS:1470717898, LUMA:45000, NEW GAMMA:0.00, NEW BRIGHTNESS: 6/20
MODEL|TS:1470717921, LUMA:05000, NEW GAMMA:0.89, NEW BRIGHTNESS: 24/20
MODEL|TS:1470717941, LUMA:45000, NEW GAMMA:0.00, NEW BRIGHTNESS: 6/20
MODEL|TS:1470717950, LUMA:01000, NEW GAMMA:0.98, NEW BRIGHTNESS: 22/20
MODEL|TS:1470717954, LUMA:45000, NEW GAMMA:0.00, NEW BRIGHTNESS: 6/20
MODEL|TS:1470717968, LUMA:01000, NEW GAMMA:0.98, NEW BRIGHTNESS: 22/20
MODEL|TS:1470717969, LUMA:45000, NEW GAMMA:0.00, NEW BRIGHTNESS: 6/20
MODEL|TS:1470717971, LUMA:06000, NEW GAMMA:0.87, NEW BRIGHTNESS: 26/20
MODEL|TS:1470717974, LUMA:45000, NEW GAMMA:0.00, NEW BRIGHTNESS: 6/20
MODEL|TS:1470717977, LUMA:01000, NEW GAMMA:0.98, NEW BRIGHTNESS: 22/20
MODEL|TS:1470717979, LUMA:45000, NEW GAMMA:0.00, NEW BRIGHTNESS: 6/20
MODEL|TS:1470717981, LUMA:01000, NEW GAMMA:0.98, NEW BRIGHTNESS: 22/20
MODEL|TS:1470717983, LUMA:06000, NEW GAMMA:0.87, NEW BRIGHTNESS: 26/20
MODEL|TS:1470717984, LUMA:45000, NEW GAMMA:0.00, NEW BRIGHTNESS: 6/20
MODEL|TS:1470717985, LUMA:01000, NEW GAMMA:0.98, NEW BRIGHTNESS: 22/20
MODEL|TS:1470717986, LUMA:45000, NEW GAMMA:0.00, NEW BRIGHTNESS: 6/20
MODEL|TS:1470717988, LUMA:01000, NEW GAMMA:0.98, NEW BRIGHTNESS: 22/20
MODEL|TS:1470717990, LUMA:45000, NEW GAMMA:0.00, NEW BRIGHTNESS: 6/20
MODEL|TS:1470717993, LUMA:01000, NEW GAMMA:0.98, NEW BRIGHTNESS: 22/20
MODEL|TS:1470718017, LUMA:45000, NEW GAMMA:0.00, NEW BRIGHTNESS: 6/20
MODEL|TS:1470718021, LUMA:11500, NEW GAMMA:0.74, NEW BRIGHTNESS: 25/20
MODEL|TS:1470718022, LUMA:45000, NEW GAMMA:0.00, NEW BRIGHTNESS: 6/20
MODEL|TS:1470718087, LUMA:06000, NEW GAMMA:0.87, NEW BRIGHTNESS: 26/20
MODEL|TS:1470718104, LUMA:45000, NEW GAMMA:0.00, NEW BRIGHTNESS: 6/20
MODEL|TS:1470718107, LUMA:01000, NEW GAMMA:0.98, NEW BRIGHTNESS: 22/20
MODEL|TS:1470718108, LUMA:45000, NEW GAMMA:0.00, NEW BRIGHTNESS: 6/20
MODEL|TS:1470718109, LUMA:05000, NEW GAMMA:0.89, NEW BRIGHTNESS: 24/20
MODEL|TS:1470718111, LUMA:45000, NEW GAMMA:0.00, NEW BRIGHTNESS: 6/20
MODEL|TS:1470718115, LUMA:09500, NEW GAMMA:0.79, NEW BRIGHTNESS: 27/20
MODEL|TS:1470718117, LUMA:05000, NEW GAMMA:0.89, NEW BRIGHTNESS: 24/20
MODEL|TS:1470718134, LUMA:01000, NEW GAMMA:0.98, NEW BRIGHTNESS: 22/20


